c:\users\user\source\repos\assortrock\assortrockproject1\x64\debug\vc143.pdb
c:\users\user\source\repos\assortrock\assortrockproject1\x64\debug\vc143.idb
c:\users\user\source\repos\assortrock\assortrockproject1\x64\debug\test.obj
c:\users\user\source\repos\assortrock\assortrockproject1\x64\debug\main1.obj
c:\users\user\source\repos\assortrock\assortrockproject1\x64\debug\func.obj
c:\users\user\source\repos\assortrock\assortrockproject1\x64\debug\main2.obj
c:\users\user\source\repos\assortrock\assortrockproject1\x64\debug\arr.obj
c:\users\user\source\repos\assortrock\assortrockproject1\x64\debug\arr1.obj
c:\users\user\source\repos\assortrock\x64\debug\assortrockproject1.exe
c:\users\user\source\repos\assortrock\assortrockproject1\x64\debug\assortrockproject1.ilk
c:\users\user\source\repos\assortrock\x64\debug\assortrockproject1.pdb
c:\users\user\source\repos\assortrock\assortrockproject1\x64\debug\main.obj
c:\users\user\source\repos\assortrock\assortrockproject1\x64\debug\func.new.obj.enc
c:\users\user\source\repos\assortrock\assortrockproject1\x64\debug\main.obj.enc
c:\users\user\source\repos\assortrock\assortrockproject1\x64\debug\main1.obj.enc
c:\users\user\source\repos\assortrock\assortrockproject1\x64\debug\main2.obj.enc
c:\users\user\source\repos\assortrock\assortrockproject1\x64\debug\assortro.b26d1e0a.tlog\cl.command.1.tlog
c:\users\user\source\repos\assortrock\assortrockproject1\x64\debug\assortro.b26d1e0a.tlog\cl.items.tlog
c:\users\user\source\repos\assortrock\assortrockproject1\x64\debug\assortro.b26d1e0a.tlog\cl.read.1.tlog
c:\users\user\source\repos\assortrock\assortrockproject1\x64\debug\assortro.b26d1e0a.tlog\cl.write.1.tlog
c:\users\user\source\repos\assortrock\assortrockproject1\x64\debug\assortro.b26d1e0a.tlog\link-cvtres.read.1.tlog
c:\users\user\source\repos\assortrock\assortrockproject1\x64\debug\assortro.b26d1e0a.tlog\link-cvtres.write.1.tlog
c:\users\user\source\repos\assortrock\assortrockproject1\x64\debug\assortro.b26d1e0a.tlog\link-rc.read.1.tlog
c:\users\user\source\repos\assortrock\assortrockproject1\x64\debug\assortro.b26d1e0a.tlog\link-rc.write.1.tlog
c:\users\user\source\repos\assortrock\assortrockproject1\x64\debug\assortro.b26d1e0a.tlog\link.66068-cvtres.read.1.tlog
c:\users\user\source\repos\assortrock\assortrockproject1\x64\debug\assortro.b26d1e0a.tlog\link.66068-cvtres.write.1.tlog
c:\users\user\source\repos\assortrock\assortrockproject1\x64\debug\assortro.b26d1e0a.tlog\link.66068-rc.read.1.tlog
c:\users\user\source\repos\assortrock\assortrockproject1\x64\debug\assortro.b26d1e0a.tlog\link.66068-rc.write.1.tlog
c:\users\user\source\repos\assortrock\assortrockproject1\x64\debug\assortro.b26d1e0a.tlog\link.66068.read.1.tlog
c:\users\user\source\repos\assortrock\assortrockproject1\x64\debug\assortro.b26d1e0a.tlog\link.66068.read.2.tlog
c:\users\user\source\repos\assortrock\assortrockproject1\x64\debug\assortro.b26d1e0a.tlog\link.66068.write.1.tlog
c:\users\user\source\repos\assortrock\assortrockproject1\x64\debug\assortro.b26d1e0a.tlog\link.command.1.tlog
c:\users\user\source\repos\assortrock\assortrockproject1\x64\debug\assortro.b26d1e0a.tlog\link.read.1.tlog
c:\users\user\source\repos\assortrock\assortrockproject1\x64\debug\assortro.b26d1e0a.tlog\link.read.2.tlog
c:\users\user\source\repos\assortrock\assortrockproject1\x64\debug\assortro.b26d1e0a.tlog\link.write.1.tlog
